

*******************************************************************************
Thu Apr  4 18:02:02 2024


FIT:    data read from "programa3"
        format = z
        #datapoints = 10
        residuals are weighted equally (unit weight)

function used for fitting: f(x)
	f(x) = a*x*log(x)*log(x) + b
fitted parameters initialized with current variable values

iter      chisq       delta/lim  lambda   a             b            
   0 1.3842992609e+07   0.00e+00  8.31e+02    1.000000e+00   1.000000e+00
   7 1.1760286955e-09  -1.51e-02  8.31e-05    1.935424e-07   3.340584e-05

After 7 iterations the fit converged.
final sum of squares of residuals : 1.17603e-09
rel. change during last iteration : -1.50664e-07

degrees of freedom    (FIT_NDF)                        : 8
rms of residuals      (FIT_STDFIT) = sqrt(WSSR/ndf)    : 1.21245e-05
variance of residuals (reduced chisquare) = WSSR/ndf   : 1.47004e-10

Final set of parameters            Asymptotic Standard Error
=======================            ==========================
a               = 1.93542e-07      +/- 5.693e-09    (2.942%)
b               = 3.34058e-05      +/- 6.694e-06    (20.04%)

correlation matrix of the fit parameters:
                a      b      
a               1.000 
b              -0.820  1.000 
