

*******************************************************************************
Fri Apr  5 11:48:02 2024


FIT:    data read from "programa1"
        format = z
        #datapoints = 48
        residuals are weighted equally (unit weight)

function used for fitting: f(x)
	f(x) = a*x + b
fitted parameters initialized with current variable values

iter      chisq       delta/lim  lambda   a             b            
   0 1.6664049893e+13   0.00e+00  4.17e+05    1.000000e+00   1.000000e+00
  10 2.1746677754e-07   0.00e+00  4.17e-05    7.604490e-10   4.409340e-05

After 10 iterations the fit converged.
final sum of squares of residuals : 2.17467e-07
rel. change during last iteration : 0

degrees of freedom    (FIT_NDF)                        : 46
rms of residuals      (FIT_STDFIT) = sqrt(WSSR/ndf)    : 6.87571e-05
variance of residuals (reduced chisquare) = WSSR/ndf   : 4.72754e-09

Final set of parameters            Asymptotic Standard Error
=======================            ==========================
a               = 7.60449e-10      +/- 3.582e-11    (4.71%)
b               = 4.40934e-05      +/- 2.11e-05     (47.86%)

correlation matrix of the fit parameters:
                a      b      
a               1.000 
b              -0.883  1.000 
