

*******************************************************************************
Sat Apr  6 11:54:21 2024


FIT:    data read from 'programa1'
        format = z
        #datapoints = 25
        residuals are weighted equally (unit weight)

function used for fitting: f(x)
	f(x)=a*x*log(x)+b
fitted parameters initialized with current variable values

iter      chisq       delta/lim  lambda   a             b            
   0 3.5496506814e+17   0.00e+00  8.43e+07    1.000000e+00   1.000000e+00
   4 6.2533803607e+00  -3.49e-01  8.43e+03   -5.655313e-09   1.000000e+00

After 4 iterations the fit converged.
final sum of squares of residuals : 6.25338
rel. change during last iteration : -3.49217e-06

degrees of freedom    (FIT_NDF)                        : 23
rms of residuals      (FIT_STDFIT) = sqrt(WSSR/ndf)    : 0.521427
variance of residuals (reduced chisquare) = WSSR/ndf   : 0.271886

Final set of parameters            Asymptotic Standard Error
=======================            ==========================
a               = -5.65531e-09     +/- 1.746e-09    (30.87%)
b               = 1                +/- 0.208        (20.8%)

correlation matrix of the fit parameters:
                a      b      
a               1.000 
b              -0.865  1.000 


*******************************************************************************
Sat Apr  6 11:55:34 2024


FIT:    data read from 'programa1'
        format = z
        #datapoints = 25
        residuals are weighted equally (unit weight)

function used for fitting: f(x)
	f(x)=a*x +b
fitted parameters initialized with current variable values

iter      chisq       delta/lim  lambda   a             b            
   0 1.6214500252e+01   0.00e+00  7.08e-01   -5.655313e-09   1.000000e+00
   5 1.4698267198e-03  -1.25e-07  7.08e-06    2.631036e-08  -4.794928e-03

After 5 iterations the fit converged.
final sum of squares of residuals : 0.00146983
rel. change during last iteration : -1.24543e-12

degrees of freedom    (FIT_NDF)                        : 23
rms of residuals      (FIT_STDFIT) = sqrt(WSSR/ndf)    : 0.00799409
variance of residuals (reduced chisquare) = WSSR/ndf   : 6.39055e-05

Final set of parameters            Asymptotic Standard Error
=======================            ==========================
a               = 2.63104e-08      +/- 4.434e-10    (1.685%)
b               = -0.00479493      +/- 0.003296     (68.74%)

correlation matrix of the fit parameters:
                a      b      
a               1.000 
b              -0.874  1.000 
